{
  "RSpec": {
    "coverage": {
      "/Users/mvoto/workspace/ruby/merchant_on_galaxy/lib/errors/invalid_content_error.rb": [
        1,
        null
      ],
      "/Users/mvoto/workspace/ruby/merchant_on_galaxy/lib/errors/invalid_input_error.rb": [
        1,
        null
      ],
      "/Users/mvoto/workspace/ruby/merchant_on_galaxy/lib/file_reader.rb": [
        null,
        null,
        1,
        1,
        4,
        null,
        4,
        3,
        19,
        19,
        3,
        null,
        1,
        null,
        null,
        1,
        1,
        1,
        null,
        null,
        1,
        4,
        null,
        null,
        1,
        3,
        null,
        null,
        1,
        32,
        null,
        null
      ],
      "/Users/mvoto/workspace/ruby/merchant_on_galaxy/lib/translator.rb": [
        null,
        null,
        null,
        1,
        null,
        1,
        null,
        1,
        0,
        0,
        null,
        null,
        1,
        0,
        null,
        null,
        1,
        null,
        0,
        null,
        null
      ],
      "/Users/mvoto/workspace/ruby/merchant_on_galaxy/lib/merchant_on_galaxy.rb": [
        1,
        null,
        3,
        1,
        1,
        1,
        null,
        null,
        1,
        null,
        null,
        null,
        1,
        1,
        1,
        1,
        null,
        1,
        null,
        1,
        null,
        null,
        null
      ]
    },
    "timestamp": 1454321737
  }
}
